Jan 19, 2025 4:45:50 PM de.gurkenlabs.litiengine.resources.Sounds load
SEVERE: The audio file file:/C:/Users/nlead/Desktop/develop/angame/select.wav could not be loaded.
Jan 19, 2025 4:46:05 PM de.gurkenlabs.litiengine.resources.Sounds load
SEVERE: The audio file file:/C:/Users/nlead/Desktop/develop/angame/select.wav could not be loaded.
Jan 19, 2025 4:46:06 PM de.gurkenlabs.litiengine.resources.Sounds load
SEVERE: The audio file file:/C:/Users/nlead/Desktop/develop/angame/select.wav could not be loaded.
Jan 19, 2025 4:46:06 PM de.gurkenlabs.litiengine.resources.Sounds load
SEVERE: The audio file file:/C:/Users/nlead/Desktop/develop/angame/select.wav could not be loaded.
Jan 19, 2025 4:46:07 PM de.gurkenlabs.litiengine.resources.Sounds load
SEVERE: The audio file file:/C:/Users/nlead/Desktop/develop/angame/select.wav could not be loaded.
Jan 19, 2025 4:46:07 PM de.gurkenlabs.litiengine.resources.Sounds load
SEVERE: The audio file file:/C:/Users/nlead/Desktop/develop/angame/select.wav could not be loaded.
Jan 19, 2025 4:46:07 PM de.gurkenlabs.litiengine.resources.Sounds load
SEVERE: The audio file file:/C:/Users/nlead/Desktop/develop/angame/select.wav could not be loaded.
Jan 19, 2025 4:46:08 PM de.gurkenlabs.litiengine.resources.Sounds load
SEVERE: The audio file file:/C:/Users/nlead/Desktop/develop/angame/select.wav could not be loaded.
Jan 19, 2025 4:46:08 PM de.gurkenlabs.litiengine.resources.Sounds load
SEVERE: The audio file file:/C:/Users/nlead/Desktop/develop/angame/select.wav could not be loaded.
Jan 19, 2025 4:46:08 PM de.gurkenlabs.litiengine.resources.Sounds load
SEVERE: The audio file file:/C:/Users/nlead/Desktop/develop/angame/select.wav could not be loaded.
Jan 19, 2025 4:46:09 PM de.gurkenlabs.litiengine.resources.Sounds load
SEVERE: The audio file file:/C:/Users/nlead/Desktop/develop/angame/select.wav could not be loaded.
Jan 19, 2025 4:46:09 PM de.gurkenlabs.litiengine.resources.Sounds load
SEVERE: The audio file file:/C:/Users/nlead/Desktop/develop/angame/select.wav could not be loaded.
Jan 19, 2025 4:46:10 PM de.gurkenlabs.litiengine.resources.Sounds load
SEVERE: The audio file file:/C:/Users/nlead/Desktop/develop/angame/select.wav could not be loaded.
Jan 19, 2025 4:46:10 PM de.gurkenlabs.litiengine.resources.Sounds load
SEVERE: The audio file file:/C:/Users/nlead/Desktop/develop/angame/select.wav could not be loaded.
Jan 19, 2025 4:46:11 PM de.gurkenlabs.litiengine.resources.Sounds load
SEVERE: The audio file file:/C:/Users/nlead/Desktop/develop/angame/select.wav could not be loaded.
Jan 19, 2025 4:46:11 PM de.gurkenlabs.litiengine.resources.Sounds load
SEVERE: The audio file file:/C:/Users/nlead/Desktop/develop/angame/select.wav could not be loaded.
Jan 19, 2025 4:46:12 PM de.gurkenlabs.litiengine.resources.Sounds load
SEVERE: The audio file file:/C:/Users/nlead/Desktop/develop/angame/select.wav could not be loaded.
Jan 19, 2025 4:46:12 PM de.gurkenlabs.litiengine.resources.Sounds load
SEVERE: The audio file file:/C:/Users/nlead/Desktop/develop/angame/select.wav could not be loaded.
Jan 19, 2025 4:46:14 PM de.gurkenlabs.litiengine.resources.Sounds load
SEVERE: The audio file file:/C:/Users/nlead/Desktop/develop/angame/select.wav could not be loaded.
Jan 19, 2025 4:46:16 PM de.gurkenlabs.litiengine.resources.Sounds load
SEVERE: The audio file file:/C:/Users/nlead/Desktop/develop/angame/select.wav could not be loaded.
Jan 19, 2025 4:46:17 PM de.gurkenlabs.litiengine.resources.Sounds load
SEVERE: The audio file file:/C:/Users/nlead/Desktop/develop/angame/select.wav could not be loaded.
Jan 19, 2025 4:46:19 PM de.gurkenlabs.litiengine.resources.Sounds load
SEVERE: The audio file file:/C:/Users/nlead/Desktop/develop/angame/select.wav could not be loaded.
Jan 19, 2025 4:46:20 PM de.gurkenlabs.litiengine.resources.Sounds load
SEVERE: The audio file file:/C:/Users/nlead/Desktop/develop/angame/select.wav could not be loaded.
Jan 19, 2025 4:46:21 PM de.gurkenlabs.litiengine.resources.Sounds load
SEVERE: The audio file file:/C:/Users/nlead/Desktop/develop/angame/select.wav could not be loaded.
Jan 19, 2025 4:46:23 PM de.gurkenlabs.litiengine.resources.Sounds load
SEVERE: The audio file file:/C:/Users/nlead/Desktop/develop/angame/select.wav could not be loaded.
Jan 19, 2025 4:46:25 PM de.gurkenlabs.litiengine.resources.Sounds load
SEVERE: The audio file file:/C:/Users/nlead/Desktop/develop/angame/select.wav could not be loaded.
Jan 19, 2025 4:46:27 PM de.gurkenlabs.litiengine.resources.Sounds load
SEVERE: The audio file file:/C:/Users/nlead/Desktop/develop/angame/select.wav could not be loaded.
Jan 19, 2025 4:46:28 PM de.gurkenlabs.litiengine.resources.Sounds load
SEVERE: The audio file file:/C:/Users/nlead/Desktop/develop/angame/select.wav could not be loaded.
Jan 19, 2025 4:46:30 PM de.gurkenlabs.litiengine.resources.Sounds load
SEVERE: The audio file file:/C:/Users/nlead/Desktop/develop/angame/select.wav could not be loaded.
Jan 19, 2025 4:46:31 PM de.gurkenlabs.litiengine.resources.Sounds load
SEVERE: The audio file file:/C:/Users/nlead/Desktop/develop/angame/select.wav could not be loaded.
Jan 19, 2025 4:46:31 PM de.gurkenlabs.litiengine.resources.Sounds load
SEVERE: The audio file file:/C:/Users/nlead/Desktop/develop/angame/select.wav could not be loaded.
Jan 19, 2025 4:46:32 PM de.gurkenlabs.litiengine.resources.Sounds load
SEVERE: The audio file file:/C:/Users/nlead/Desktop/develop/angame/select.wav could not be loaded.
Jan 19, 2025 4:46:33 PM de.gurkenlabs.litiengine.resources.Sounds load
SEVERE: The audio file file:/C:/Users/nlead/Desktop/develop/angame/select.wav could not be loaded.
Jan 19, 2025 4:46:33 PM de.gurkenlabs.litiengine.resources.Sounds load
SEVERE: The audio file file:/C:/Users/nlead/Desktop/develop/angame/select.wav could not be loaded.
Jan 19, 2025 4:46:33 PM de.gurkenlabs.litiengine.resources.Sounds load
SEVERE: The audio file file:/C:/Users/nlead/Desktop/develop/angame/select.wav could not be loaded.
Jan 19, 2025 4:46:34 PM de.gurkenlabs.litiengine.resources.Sounds load
SEVERE: The audio file file:/C:/Users/nlead/Desktop/develop/angame/select.wav could not be loaded.
Jan 19, 2025 4:46:34 PM de.gurkenlabs.litiengine.resources.Sounds load
SEVERE: The audio file file:/C:/Users/nlead/Desktop/develop/angame/select.wav could not be loaded.
Jan 19, 2025 4:46:34 PM de.gurkenlabs.litiengine.resources.Sounds load
SEVERE: The audio file file:/C:/Users/nlead/Desktop/develop/angame/select.wav could not be loaded.
Jan 19, 2025 4:58:50 PM de.gurkenlabs.litiengine.DefaultUncaughtExceptionHandler uncaughtException
SEVERE: Game crashed! :(
java.lang.ArrayIndexOutOfBoundsException: Index -1 out of bounds for length 3
	at java.base/java.util.concurrent.CopyOnWriteArrayList.elementAt(CopyOnWriteArrayList.java:390)
	at java.base/java.util.concurrent.CopyOnWriteArrayList.get(CopyOnWriteArrayList.java:403)
	at de.gurkenlabs.litiengine.gui.Menu.setCurrentSelection(Menu.java:62)
	at per.kenter7317.screens.TitleScreen.initializeComponents$lambda$0(TitleScreen.kt:69)
	at de.gurkenlabs.litiengine.input.Keyboard.lambda$executeReleasedKeys$8(Keyboard.java:264)
	at java.base/java.util.concurrent.ConcurrentHashMap$KeySetView.forEach(ConcurrentHashMap.java:4709)
	at de.gurkenlabs.litiengine.input.Keyboard.lambda$executeReleasedKeys$10(Keyboard.java:264)
	at java.base/java.util.concurrent.ConcurrentHashMap$KeySetView.forEach(ConcurrentHashMap.java:4709)
	at de.gurkenlabs.litiengine.input.Keyboard.executeReleasedKeys(Keyboard.java:258)
	at de.gurkenlabs.litiengine.input.Keyboard.update(Keyboard.java:196)
	at de.gurkenlabs.litiengine.GameLoop.updateInvariableEngineComponents(GameLoop.java:128)
	at de.gurkenlabs.litiengine.GameLoop.process(GameLoop.java:84)
	at de.gurkenlabs.litiengine.UpdateLoop.run(UpdateLoop.java:57)

Jan 19, 2025 5:02:19 PM de.gurkenlabs.litiengine.DefaultUncaughtExceptionHandler uncaughtException
SEVERE: Game crashed! :(
java.lang.ArrayIndexOutOfBoundsException: Index -1 out of bounds for length 3
	at java.base/java.util.concurrent.CopyOnWriteArrayList.elementAt(CopyOnWriteArrayList.java:390)
	at java.base/java.util.concurrent.CopyOnWriteArrayList.get(CopyOnWriteArrayList.java:403)
	at de.gurkenlabs.litiengine.gui.Menu.setCurrentSelection(Menu.java:62)
	at per.kenter7317.screens.TitleScreen.initializeComponents$lambda$0(TitleScreen.kt:67)
	at de.gurkenlabs.litiengine.input.Keyboard.lambda$executeReleasedKeys$8(Keyboard.java:264)
	at java.base/java.util.concurrent.ConcurrentHashMap$KeySetView.forEach(ConcurrentHashMap.java:4709)
	at de.gurkenlabs.litiengine.input.Keyboard.lambda$executeReleasedKeys$10(Keyboard.java:264)
	at java.base/java.util.concurrent.ConcurrentHashMap$KeySetView.forEach(ConcurrentHashMap.java:4709)
	at de.gurkenlabs.litiengine.input.Keyboard.executeReleasedKeys(Keyboard.java:258)
	at de.gurkenlabs.litiengine.input.Keyboard.update(Keyboard.java:196)
	at de.gurkenlabs.litiengine.GameLoop.updateInvariableEngineComponents(GameLoop.java:128)
	at de.gurkenlabs.litiengine.GameLoop.process(GameLoop.java:84)
	at de.gurkenlabs.litiengine.UpdateLoop.run(UpdateLoop.java:57)

Jan 19, 2025 8:42:07 PM de.gurkenlabs.litiengine.gui.screens.ScreenManager display
WARNING: Could not display the screen Game because there is no screen with the specified name.
Jan 19, 2025 8:45:26 PM de.gurkenlabs.litiengine.gui.screens.ScreenManager display
WARNING: Could not display the screen Game because there is no screen with the specified name.
Jan 20, 2025 9:15:10 AM de.gurkenlabs.litiengine.DefaultUncaughtExceptionHandler uncaughtException
SEVERE: Game crashed! :(
kotlin.NotImplementedError: An operation is not implemented: Not yet implemented
	at per.kenter7317.screens.TitleScreen.loadGame(TitleScreen.kt:125)
	at per.kenter7317.screens.TitleScreen.initializeComponents$lambda$0(TitleScreen.kt:81)
	at de.gurkenlabs.litiengine.input.Keyboard.lambda$executeReleasedKeys$8(Keyboard.java:264)
	at java.base/java.util.concurrent.ConcurrentHashMap$KeySetView.forEach(ConcurrentHashMap.java:4709)
	at de.gurkenlabs.litiengine.input.Keyboard.lambda$executeReleasedKeys$10(Keyboard.java:264)
	at java.base/java.util.concurrent.ConcurrentHashMap$KeySetView.forEach(ConcurrentHashMap.java:4709)
	at de.gurkenlabs.litiengine.input.Keyboard.executeReleasedKeys(Keyboard.java:258)
	at de.gurkenlabs.litiengine.input.Keyboard.update(Keyboard.java:196)
	at de.gurkenlabs.litiengine.GameLoop.updateInvariableEngineComponents(GameLoop.java:128)
	at de.gurkenlabs.litiengine.GameLoop.process(GameLoop.java:84)
	at de.gurkenlabs.litiengine.UpdateLoop.run(UpdateLoop.java:57)

Jan 20, 2025 12:53:26 PM de.gurkenlabs.litiengine.DefaultUncaughtExceptionHandler uncaughtException
SEVERE: Game crashed! :(
java.lang.ArrayIndexOutOfBoundsException: Index -1 out of bounds for length 3
	at java.base/java.util.concurrent.CopyOnWriteArrayList.elementAt(CopyOnWriteArrayList.java:390)
	at java.base/java.util.concurrent.CopyOnWriteArrayList.get(CopyOnWriteArrayList.java:403)
	at per.kenter7317.extension.MenuExtensionKt.hoverSelection(MenuExtension.kt:19)
	at per.kenter7317.extension.MenuExtensionKt.moveSingleSelection(MenuExtension.kt:9)
	at per.kenter7317.extension.MenuExtensionKt.minusSelection(MenuExtension.kt:15)
	at per.kenter7317.screens.TitleScreen.initializeComponents$lambda$0(TitleScreen.kt:66)
	at de.gurkenlabs.litiengine.input.Keyboard.lambda$executeReleasedKeys$8(Keyboard.java:264)
	at java.base/java.util.concurrent.ConcurrentHashMap$KeySetView.forEach(ConcurrentHashMap.java:4709)
	at de.gurkenlabs.litiengine.input.Keyboard.lambda$executeReleasedKeys$10(Keyboard.java:264)
	at java.base/java.util.concurrent.ConcurrentHashMap$KeySetView.forEach(ConcurrentHashMap.java:4709)
	at de.gurkenlabs.litiengine.input.Keyboard.executeReleasedKeys(Keyboard.java:258)
	at de.gurkenlabs.litiengine.input.Keyboard.update(Keyboard.java:196)
	at de.gurkenlabs.litiengine.GameLoop.updateInvariableEngineComponents(GameLoop.java:128)
	at de.gurkenlabs.litiengine.GameLoop.process(GameLoop.java:84)
	at de.gurkenlabs.litiengine.UpdateLoop.run(UpdateLoop.java:57)

Jan 20, 2025 12:54:39 PM de.gurkenlabs.litiengine.DefaultUncaughtExceptionHandler uncaughtException
SEVERE: Game crashed! :(
java.lang.ArrayIndexOutOfBoundsException: Index -1 out of bounds for length 3
	at java.base/java.util.concurrent.CopyOnWriteArrayList.elementAt(CopyOnWriteArrayList.java:390)
	at java.base/java.util.concurrent.CopyOnWriteArrayList.get(CopyOnWriteArrayList.java:403)
	at per.kenter7317.extension.MenuExtensionKt.hoverSelection(MenuExtension.kt:19)
	at per.kenter7317.extension.MenuExtensionKt.moveSingleSelection(MenuExtension.kt:9)
	at per.kenter7317.extension.MenuExtensionKt.minusSelection(MenuExtension.kt:15)
	at per.kenter7317.screens.TitleScreen.initializeComponents$lambda$0(TitleScreen.kt:66)
	at de.gurkenlabs.litiengine.input.Keyboard.lambda$executeReleasedKeys$8(Keyboard.java:264)
	at java.base/java.util.concurrent.ConcurrentHashMap$KeySetView.forEach(ConcurrentHashMap.java:4709)
	at de.gurkenlabs.litiengine.input.Keyboard.lambda$executeReleasedKeys$10(Keyboard.java:264)
	at java.base/java.util.concurrent.ConcurrentHashMap$KeySetView.forEach(ConcurrentHashMap.java:4709)
	at de.gurkenlabs.litiengine.input.Keyboard.executeReleasedKeys(Keyboard.java:258)
	at de.gurkenlabs.litiengine.input.Keyboard.update(Keyboard.java:196)
	at de.gurkenlabs.litiengine.GameLoop.updateInvariableEngineComponents(GameLoop.java:128)
	at de.gurkenlabs.litiengine.GameLoop.process(GameLoop.java:84)
	at de.gurkenlabs.litiengine.UpdateLoop.run(UpdateLoop.java:57)

Jan 20, 2025 1:07:38 PM de.gurkenlabs.litiengine.DefaultUncaughtExceptionHandler uncaughtException
SEVERE: Game crashed! :(
java.lang.ArrayIndexOutOfBoundsException: Index 3 out of bounds for length 3
	at java.base/java.util.concurrent.CopyOnWriteArrayList.elementAt(CopyOnWriteArrayList.java:390)
	at java.base/java.util.concurrent.CopyOnWriteArrayList.get(CopyOnWriteArrayList.java:403)
	at per.kenter7317.extension.MenuExtensionKt.hoverSelection(MenuExtension.kt:19)
	at per.kenter7317.extension.MenuExtensionKt.moveSingleSelection(MenuExtension.kt:9)
	at per.kenter7317.extension.MenuExtensionKt.plusSelection(MenuExtension.kt:12)
	at per.kenter7317.screens.TitleScreen.initializeComponents$lambda$0(TitleScreen.kt:70)
	at de.gurkenlabs.litiengine.input.Keyboard.lambda$executeReleasedKeys$8(Keyboard.java:264)
	at java.base/java.util.concurrent.ConcurrentHashMap$KeySetView.forEach(ConcurrentHashMap.java:4709)
	at de.gurkenlabs.litiengine.input.Keyboard.lambda$executeReleasedKeys$10(Keyboard.java:264)
	at java.base/java.util.concurrent.ConcurrentHashMap$KeySetView.forEach(ConcurrentHashMap.java:4709)
	at de.gurkenlabs.litiengine.input.Keyboard.executeReleasedKeys(Keyboard.java:258)
	at de.gurkenlabs.litiengine.input.Keyboard.update(Keyboard.java:196)
	at de.gurkenlabs.litiengine.GameLoop.updateInvariableEngineComponents(GameLoop.java:128)
	at de.gurkenlabs.litiengine.GameLoop.process(GameLoop.java:84)
	at de.gurkenlabs.litiengine.UpdateLoop.run(UpdateLoop.java:57)

Jan 20, 2025 1:09:32 PM de.gurkenlabs.litiengine.DefaultUncaughtExceptionHandler uncaughtException
SEVERE: Game crashed! :(
java.lang.ArrayIndexOutOfBoundsException: Index -1 out of bounds for length 3
	at java.base/java.util.concurrent.CopyOnWriteArrayList.elementAt(CopyOnWriteArrayList.java:390)
	at java.base/java.util.concurrent.CopyOnWriteArrayList.get(CopyOnWriteArrayList.java:403)
	at per.kenter7317.extension.MenuExtensionKt.hoverSelection(MenuExtension.kt:19)
	at per.kenter7317.extension.MenuExtensionKt.moveSingleSelection(MenuExtension.kt:9)
	at per.kenter7317.extension.MenuExtensionKt.plusSelection(MenuExtension.kt:12)
	at per.kenter7317.screens.TitleScreen.initializeComponents$lambda$0(TitleScreen.kt:70)
	at de.gurkenlabs.litiengine.input.Keyboard.lambda$executeReleasedKeys$8(Keyboard.java:264)
	at java.base/java.util.concurrent.ConcurrentHashMap$KeySetView.forEach(ConcurrentHashMap.java:4709)
	at de.gurkenlabs.litiengine.input.Keyboard.lambda$executeReleasedKeys$10(Keyboard.java:264)
	at java.base/java.util.concurrent.ConcurrentHashMap$KeySetView.forEach(ConcurrentHashMap.java:4709)
	at de.gurkenlabs.litiengine.input.Keyboard.executeReleasedKeys(Keyboard.java:258)
	at de.gurkenlabs.litiengine.input.Keyboard.update(Keyboard.java:196)
	at de.gurkenlabs.litiengine.GameLoop.updateInvariableEngineComponents(GameLoop.java:128)
	at de.gurkenlabs.litiengine.GameLoop.process(GameLoop.java:84)
	at de.gurkenlabs.litiengine.UpdateLoop.run(UpdateLoop.java:57)

Jan 20, 2025 1:11:02 PM de.gurkenlabs.litiengine.DefaultUncaughtExceptionHandler uncaughtException
SEVERE: Game crashed! :(
java.lang.ArrayIndexOutOfBoundsException: Index -1 out of bounds for length 3
	at java.base/java.util.concurrent.CopyOnWriteArrayList.elementAt(CopyOnWriteArrayList.java:390)
	at java.base/java.util.concurrent.CopyOnWriteArrayList.get(CopyOnWriteArrayList.java:403)
	at per.kenter7317.extension.MenuExtensionKt.hoverSelection(MenuExtension.kt:19)
	at per.kenter7317.extension.MenuExtensionKt.moveSingleSelection(MenuExtension.kt:9)
	at per.kenter7317.extension.MenuExtensionKt.plusSelection(MenuExtension.kt:12)
	at per.kenter7317.screens.TitleScreen.initializeComponents$lambda$0(TitleScreen.kt:70)
	at de.gurkenlabs.litiengine.input.Keyboard.lambda$executeReleasedKeys$8(Keyboard.java:264)
	at java.base/java.util.concurrent.ConcurrentHashMap$KeySetView.forEach(ConcurrentHashMap.java:4709)
	at de.gurkenlabs.litiengine.input.Keyboard.lambda$executeReleasedKeys$10(Keyboard.java:264)
	at java.base/java.util.concurrent.ConcurrentHashMap$KeySetView.forEach(ConcurrentHashMap.java:4709)
	at de.gurkenlabs.litiengine.input.Keyboard.executeReleasedKeys(Keyboard.java:258)
	at de.gurkenlabs.litiengine.input.Keyboard.update(Keyboard.java:196)
	at de.gurkenlabs.litiengine.GameLoop.updateInvariableEngineComponents(GameLoop.java:128)
	at de.gurkenlabs.litiengine.GameLoop.process(GameLoop.java:84)
	at de.gurkenlabs.litiengine.UpdateLoop.run(UpdateLoop.java:57)

Jan 20, 2025 1:20:37 PM de.gurkenlabs.litiengine.gui.screens.ScreenManager display
WARNING: Could not display the screen Game because there is no screen with the specified name.
Jan 22, 2025 2:51:57 PM de.gurkenlabs.litiengine.gui.screens.ScreenManager display
WARNING: Could not display the screen Game because there is no screen with the specified name.
Jan 27, 2025 12:56:22 AM de.gurkenlabs.litiengine.gui.screens.ScreenManager display
WARNING: Could not display the screen Game because there is no screen with the specified name.
Jan 27, 2025 12:58:08 AM de.gurkenlabs.litiengine.gui.screens.ScreenManager display
WARNING: Could not display the screen Game because there is no screen with the specified name.
Jan 27, 2025 12:59:07 AM de.gurkenlabs.litiengine.gui.screens.ScreenManager display
WARNING: Could not display the screen Game because there is no screen with the specified name.
Jan 27, 2025 3:33:37 AM de.gurkenlabs.litiengine.DefaultUncaughtExceptionHandler uncaughtException
SEVERE: Game crashed! :(
kotlin.NotImplementedError: An operation is not implemented: Not yet implemented
	at per.kenter7317.screens.TitleScreen.loadGame(TitleScreen.kt:113)
	at per.kenter7317.screens.TitleScreen.access$loadGame(TitleScreen.kt:19)
	at per.kenter7317.screens.TitleScreen$initializeComponents$2.invoke(TitleScreen.kt:60)
	at per.kenter7317.screens.TitleScreen$initializeComponents$2.invoke(TitleScreen.kt:60)
	at per.kenter7317.extension.RunnableString.run(RunnableString.kt:8)
	at per.kenter7317.extension.ControllableMenu.runCurrentSelection(ControllableMenu.kt:51)
	at per.kenter7317.screens.TitleScreen.initializeComponents$lambda$0(TitleScreen.kt:75)
	at de.gurkenlabs.litiengine.input.Keyboard.lambda$executeReleasedKeys$8(Keyboard.java:264)
	at java.base/java.util.concurrent.ConcurrentHashMap$KeySetView.forEach(ConcurrentHashMap.java:4709)
	at de.gurkenlabs.litiengine.input.Keyboard.lambda$executeReleasedKeys$10(Keyboard.java:264)
	at java.base/java.util.concurrent.ConcurrentHashMap$KeySetView.forEach(ConcurrentHashMap.java:4709)
	at de.gurkenlabs.litiengine.input.Keyboard.executeReleasedKeys(Keyboard.java:258)
	at de.gurkenlabs.litiengine.input.Keyboard.update(Keyboard.java:196)
	at de.gurkenlabs.litiengine.GameLoop.updateInvariableEngineComponents(GameLoop.java:128)
	at de.gurkenlabs.litiengine.GameLoop.process(GameLoop.java:84)
	at de.gurkenlabs.litiengine.UpdateLoop.run(UpdateLoop.java:57)

Jan 27, 2025 3:34:06 AM de.gurkenlabs.litiengine.gui.screens.ScreenManager display
WARNING: Could not display the screen Game because there is no screen with the specified name.
Jan 27, 2025 3:39:11 AM de.gurkenlabs.litiengine.DefaultUncaughtExceptionHandler uncaughtException
SEVERE: Game crashed! :(
kotlin.NotImplementedError: An operation is not implemented: Not yet implemented
	at per.kenter7317.screens.TitleScreen.loadGame(TitleScreen.kt:112)
	at per.kenter7317.screens.TitleScreen.access$loadGame(TitleScreen.kt:19)
	at per.kenter7317.screens.TitleScreen$initializeComponents$2.invoke(TitleScreen.kt:59)
	at per.kenter7317.screens.TitleScreen$initializeComponents$2.invoke(TitleScreen.kt:59)
	at per.kenter7317.extension.RunnableString.run(RunnableString.kt:8)
	at per.kenter7317.extension.ControllableMenu.runCurrentSelection(ControllableMenu.kt:52)
	at per.kenter7317.extension.ControllableMenu.prepare$lambda$3(ControllableMenu.kt:45)
	at de.gurkenlabs.litiengine.gui.GuiComponent.lambda$mouseReleased$10(GuiComponent.java:612)
	at java.base/java.util.concurrent.CopyOnWriteArrayList.forEach(CopyOnWriteArrayList.java:891)
	at de.gurkenlabs.litiengine.gui.GuiComponent.mouseReleased(GuiComponent.java:612)
	at de.gurkenlabs.litiengine.input.Mouse.lambda$mouseReleased$6(Mouse.java:229)
	at java.base/java.util.concurrent.ConcurrentHashMap$KeySetView.forEach(ConcurrentHashMap.java:4709)
	at de.gurkenlabs.litiengine.input.Mouse.mouseReleased(Mouse.java:229)
	at java.desktop/java.awt.Component.processMouseEvent(Component.java:6621)
	at java.desktop/java.awt.Component.processEvent(Component.java:6386)
	at java.desktop/java.awt.Component.dispatchEventImpl(Component.java:4996)
	at java.desktop/java.awt.Component.dispatchEvent(Component.java:4828)
	at java.desktop/java.awt.EventQueue.dispatchEventImpl(EventQueue.java:775)
	at java.desktop/java.awt.EventQueue$4.run(EventQueue.java:720)
	at java.desktop/java.awt.EventQueue$4.run(EventQueue.java:714)
	at java.base/java.security.AccessController.doPrivileged(AccessController.java:400)
	at java.base/java.security.ProtectionDomain$JavaSecurityAccessImpl.doIntersectionPrivilege(ProtectionDomain.java:87)
	at java.base/java.security.ProtectionDomain$JavaSecurityAccessImpl.doIntersectionPrivilege(ProtectionDomain.java:98)
	at java.desktop/java.awt.EventQueue$5.run(EventQueue.java:747)
	at java.desktop/java.awt.EventQueue$5.run(EventQueue.java:745)
	at java.base/java.security.AccessController.doPrivileged(AccessController.java:400)
	at java.base/java.security.ProtectionDomain$JavaSecurityAccessImpl.doIntersectionPrivilege(ProtectionDomain.java:87)
	at java.desktop/java.awt.EventQueue.dispatchEvent(EventQueue.java:744)
	at java.desktop/java.awt.EventDispatchThread.pumpOneEventForFilters(EventDispatchThread.java:203)
	at java.desktop/java.awt.EventDispatchThread.pumpEventsForFilter(EventDispatchThread.java:124)
	at java.desktop/java.awt.EventDispatchThread.pumpEventsForHierarchy(EventDispatchThread.java:113)
	at java.desktop/java.awt.EventDispatchThread.pumpEvents(EventDispatchThread.java:109)
	at java.desktop/java.awt.EventDispatchThread.pumpEvents(EventDispatchThread.java:101)
	at java.desktop/java.awt.EventDispatchThread.run(EventDispatchThread.java:90)

Jan 27, 2025 3:39:47 AM de.gurkenlabs.litiengine.DefaultUncaughtExceptionHandler uncaughtException
SEVERE: Game crashed! :(
kotlin.NotImplementedError: An operation is not implemented: Not yet implemented
	at per.kenter7317.screens.TitleScreen.setting(TitleScreen.kt:116)
	at per.kenter7317.screens.TitleScreen.access$setting(TitleScreen.kt:19)
	at per.kenter7317.screens.TitleScreen$initializeComponents$3.invoke(TitleScreen.kt:60)
	at per.kenter7317.screens.TitleScreen$initializeComponents$3.invoke(TitleScreen.kt:60)
	at per.kenter7317.extension.RunnableString.run(RunnableString.kt:8)
	at per.kenter7317.extension.ControllableMenu.runCurrentSelection(ControllableMenu.kt:53)
	at per.kenter7317.extension.ControllableMenu.prepare$lambda$3(ControllableMenu.kt:46)
	at de.gurkenlabs.litiengine.gui.GuiComponent.lambda$mouseReleased$10(GuiComponent.java:612)
	at java.base/java.util.concurrent.CopyOnWriteArrayList.forEach(CopyOnWriteArrayList.java:891)
	at de.gurkenlabs.litiengine.gui.GuiComponent.mouseReleased(GuiComponent.java:612)
	at de.gurkenlabs.litiengine.input.Mouse.lambda$mouseReleased$6(Mouse.java:229)
	at java.base/java.util.concurrent.ConcurrentHashMap$KeySetView.forEach(ConcurrentHashMap.java:4709)
	at de.gurkenlabs.litiengine.input.Mouse.mouseReleased(Mouse.java:229)
	at java.desktop/java.awt.Component.processMouseEvent(Component.java:6621)
	at java.desktop/java.awt.Component.processEvent(Component.java:6386)
	at java.desktop/java.awt.Component.dispatchEventImpl(Component.java:4996)
	at java.desktop/java.awt.Component.dispatchEvent(Component.java:4828)
	at java.desktop/java.awt.EventQueue.dispatchEventImpl(EventQueue.java:775)
	at java.desktop/java.awt.EventQueue$4.run(EventQueue.java:720)
	at java.desktop/java.awt.EventQueue$4.run(EventQueue.java:714)
	at java.base/java.security.AccessController.doPrivileged(AccessController.java:400)
	at java.base/java.security.ProtectionDomain$JavaSecurityAccessImpl.doIntersectionPrivilege(ProtectionDomain.java:87)
	at java.base/java.security.ProtectionDomain$JavaSecurityAccessImpl.doIntersectionPrivilege(ProtectionDomain.java:98)
	at java.desktop/java.awt.EventQueue$5.run(EventQueue.java:747)
	at java.desktop/java.awt.EventQueue$5.run(EventQueue.java:745)
	at java.base/java.security.AccessController.doPrivileged(AccessController.java:400)
	at java.base/java.security.ProtectionDomain$JavaSecurityAccessImpl.doIntersectionPrivilege(ProtectionDomain.java:87)
	at java.desktop/java.awt.EventQueue.dispatchEvent(EventQueue.java:744)
	at java.desktop/java.awt.EventDispatchThread.pumpOneEventForFilters(EventDispatchThread.java:203)
	at java.desktop/java.awt.EventDispatchThread.pumpEventsForFilter(EventDispatchThread.java:124)
	at java.desktop/java.awt.EventDispatchThread.pumpEventsForHierarchy(EventDispatchThread.java:113)
	at java.desktop/java.awt.EventDispatchThread.pumpEvents(EventDispatchThread.java:109)
	at java.desktop/java.awt.EventDispatchThread.pumpEvents(EventDispatchThread.java:101)
	at java.desktop/java.awt.EventDispatchThread.run(EventDispatchThread.java:90)

Jan 28, 2025 9:19:52 PM de.gurkenlabs.litiengine.gui.screens.ScreenManager display
WARNING: Could not display the screen Game because there is no screen with the specified name.
Jan 28, 2025 9:59:35 PM de.gurkenlabs.litiengine.gui.screens.ScreenManager display
WARNING: Could not display the screen Game because there is no screen with the specified name.
Feb 19, 2025 5:39:03 PM de.gurkenlabs.litiengine.DefaultUncaughtExceptionHandler uncaughtException
SEVERE: Game crashed! :(
de.gurkenlabs.litiengine.resources.ResourceLoadException: javax.imageio.IIOException: Can't get input stream from URL!
	at de.gurkenlabs.litiengine.resources.ResourcesContainer.loadResource(ResourcesContainer.java:372)
	at java.base/java.util.concurrent.ConcurrentHashMap.computeIfAbsent(ConcurrentHashMap.java:1708)
	at de.gurkenlabs.litiengine.resources.ResourcesContainer.get(ResourcesContainer.java:256)
	at de.gurkenlabs.litiengine.resources.ResourcesContainer.get(ResourcesContainer.java:191)
	at per.kenter7317.screens.TitleScreen.loadGameCharacter(TitleScreen.kt:131)
	at per.kenter7317.screens.TitleScreen.startGame(TitleScreen.kt:110)
	at per.kenter7317.screens.TitleScreen.access$startGame(TitleScreen.kt:23)
	at per.kenter7317.screens.TitleScreen$initializeComponents$1.invoke(TitleScreen.kt:58)
	at per.kenter7317.screens.TitleScreen$initializeComponents$1.invoke(TitleScreen.kt:58)
	at per.kenter7317.extension.RunnableString.run(RunnableString.kt:5)
	at per.kenter7317.gui.ControllableMenu.runCurrentSelection(ControllableMenu.kt:55)
	at per.kenter7317.screens.TitleScreen.initializeComponents$lambda$0(TitleScreen.kt:77)
	at de.gurkenlabs.litiengine.input.Keyboard.lambda$executeReleasedKeys$8(Keyboard.java:264)
	at java.base/java.util.concurrent.ConcurrentHashMap$KeySetView.forEach(ConcurrentHashMap.java:4709)
	at de.gurkenlabs.litiengine.input.Keyboard.lambda$executeReleasedKeys$10(Keyboard.java:264)
	at java.base/java.util.concurrent.ConcurrentHashMap$KeySetView.forEach(ConcurrentHashMap.java:4709)
	at de.gurkenlabs.litiengine.input.Keyboard.executeReleasedKeys(Keyboard.java:258)
	at de.gurkenlabs.litiengine.input.Keyboard.update(Keyboard.java:196)
	at de.gurkenlabs.litiengine.GameLoop.updateInvariableEngineComponents(GameLoop.java:128)
	at de.gurkenlabs.litiengine.GameLoop.process(GameLoop.java:84)
	at de.gurkenlabs.litiengine.UpdateLoop.run(UpdateLoop.java:57)
Caused by: javax.imageio.IIOException: Can't get input stream from URL!
	at java.desktop/javax.imageio.ImageIO.read(ImageIO.java:1407)
	at de.gurkenlabs.litiengine.resources.Images.load(Images.java:48)
	at de.gurkenlabs.litiengine.resources.Images.load(Images.java:12)
	at de.gurkenlabs.litiengine.resources.ResourcesContainer.loadResource(ResourcesContainer.java:370)
	... 20 more
Caused by: java.io.FileNotFoundException: C:\Users\nlead\Desktop\Project\develop\angame\player.png (지정된 파일을 찾을 수 없습니다)
	at java.base/java.io.FileInputStream.open0(Native Method)
	at java.base/java.io.FileInputStream.open(FileInputStream.java:213)
	at java.base/java.io.FileInputStream.<init>(FileInputStream.java:152)
	at java.base/java.io.FileInputStream.<init>(FileInputStream.java:106)
	at java.base/sun.net.www.protocol.file.FileURLConnection.connect(FileURLConnection.java:84)
	at java.base/sun.net.www.protocol.file.FileURLConnection.getInputStream(FileURLConnection.java:180)
	at java.base/java.net.URL.openStream(URL.java:1325)
	at java.desktop/javax.imageio.ImageIO.read(ImageIO.java:1405)
	... 23 more

Feb 19, 2025 5:41:55 PM de.gurkenlabs.litiengine.gui.screens.ScreenManager display
WARNING: Could not display the screen GAME because there is no screen with the specified name.
Mar 17, 2025 11:56:03 PM de.gurkenlabs.litiengine.gui.screens.ScreenManager display
WARNING: Could not display the screen GAME because there is no screen with the specified name.
